E[                   _LoggerTest.c(   13): main                            ] ERROR
W[                   _LoggerTest.c(   14): main                            ] WARNING
I[                   _LoggerTest.c(   15): main                            ] INFORMATION
E[                   _LoggerTest.c(   24): main                            ] [Set 'E'] Log level is 'ERROR'
E[                   _LoggerTest.c(   35): main                            ] [Set 'W'] Log level is 'ERROR'
W[                   _LoggerTest.c(   36): main                            ] [Set 'W'] Log level is 'WARNING'
E[                   _LoggerTest.c(   46): main                            ] [Set 'I'] Log level is 'ERROR'
W[                   _LoggerTest.c(   47): main                            ] [Set 'I'] Log level is 'WARNING'
I[                   _LoggerTest.c(   48): main                            ] [Set 'I'] Log level is 'INFORMATION'
E[                   _LoggerTest.c(   57): main                            ] [Set 'T'] Log level is 'ERROR'
W[                   _LoggerTest.c(   58): main                            ] [Set 'T'] Log level is 'WARNING'
I[                   _LoggerTest.c(   59): main                            ] [Set 'T'] Log level is 'INFORMATION'
T[                   _LoggerTest.c(   60): main                            ] [Set 'T'] Log level is 'TRACE'
E[                   _LoggerTest.c(   68): main                            ] [Set 'D'] Log level is 'ERROR'
W[                   _LoggerTest.c(   69): main                            ] [Set 'D'] Log level is 'WARNING'
I[                   _LoggerTest.c(   70): main                            ] [Set 'D'] Log level is 'INFORMATION'
T[                   _LoggerTest.c(   71): main                            ] [Set 'D'] Log level is 'TRACE'
D[                   _LoggerTest.c(   72): main                            ] [Set 'D'] Log level is 'DEBUG'
E[                   _LoggerTest.c(   79): main                            ] [Set 'C'] Log level is 'ERROR'
W[                   _LoggerTest.c(   80): main                            ] [Set 'C'] Log level is 'WARNING'
I[                   _LoggerTest.c(   81): main                            ] [Set 'C'] Log level is 'INFORMATION'
T[                   _LoggerTest.c(   82): main                            ] [Set 'C'] Log level is 'TRACE'
D[                   _LoggerTest.c(   83): main                            ] [Set 'C'] Log level is 'DEBUG'
C[                   _LoggerTest.c(   84): main                            ] [Set 'C'] Log level is 'CORE'
